[0.406s] DEBUG:colcon:Command line arguments: ['/usr/bin/colcon', 'build']
[0.407s] DEBUG:colcon:Parsed command line arguments: Namespace(log_base=None, log_level=None, verb_name='build', build_base='build', install_base='install', merge_install=False, symlink_install=False, test_result_base=None, continue_on_error=False, executor='parallel', parallel_workers=4, event_handlers=None, ignore_user_meta=False, metas=['./colcon.meta'], base_paths=['.'], packages_ignore=None, packages_ignore_regex=None, paths=None, packages_up_to=None, packages_up_to_regex=None, packages_above=None, packages_above_and_dependencies=None, packages_above_depth=None, packages_select_by_dep=None, packages_skip_by_dep=None, packages_skip_up_to=None, packages_select_build_failed=False, packages_skip_build_finished=False, packages_select_test_failures=False, packages_skip_test_passed=False, packages_select=None, packages_skip=None, packages_select_regex=None, packages_skip_regex=None, packages_start=None, packages_end=None, allow_overriding=[], cmake_args=None, cmake_target=None, cmake_target_skip_unavailable=False, cmake_clean_cache=False, cmake_clean_first=False, cmake_force_configure=False, ament_cmake_args=None, catkin_cmake_args=None, catkin_skip_building_tests=False, mixin_files=None, mixin=None, verb_parser=<colcon_mixin.mixin.mixin_argument.MixinArgumentDecorator object at 0xffff8ecb9250>, verb_extension=<colcon_core.verb.build.BuildVerb object at 0xffff8ee7d5e0>, main=<bound method BuildVerb.main of <colcon_core.verb.build.BuildVerb object at 0xffff8ee7d5e0>>, mixin_verb=('build',))
[0.587s] Level 1:colcon.colcon_core.package_discovery:discover_packages(colcon_meta) check parameters
[0.588s] Level 1:colcon.colcon_core.package_discovery:discover_packages(recursive) check parameters
[0.588s] Level 1:colcon.colcon_core.package_discovery:discover_packages(ignore) check parameters
[0.588s] Level 1:colcon.colcon_core.package_discovery:discover_packages(path) check parameters
[0.588s] Level 1:colcon.colcon_core.package_discovery:discover_packages(colcon_meta) discover
[0.588s] Level 1:colcon.colcon_core.package_discovery:discover_packages(recursive) discover
[0.588s] INFO:colcon.colcon_core.package_discovery:Crawling recursively for packages in '/home/vgi/ebot_ws'
[0.589s] Level 1:colcon.colcon_core.package_identification:_identify(.) by extensions ['ignore', 'ignore_ament_install']
[0.589s] Level 1:colcon.colcon_core.package_identification:_identify(.) by extension 'ignore'
[0.589s] Level 1:colcon.colcon_core.package_identification:_identify(.) by extension 'ignore_ament_install'
[0.589s] Level 1:colcon.colcon_core.package_identification:_identify(.) by extensions ['colcon_pkg']
[0.589s] Level 1:colcon.colcon_core.package_identification:_identify(.) by extension 'colcon_pkg'
[0.590s] Level 1:colcon.colcon_core.package_identification:_identify(.) by extensions ['colcon_meta']
[0.590s] Level 1:colcon.colcon_core.package_identification:_identify(.) by extension 'colcon_meta'
[0.590s] Level 1:colcon.colcon_core.package_identification:_identify(.) by extensions ['ros']
[0.590s] Level 1:colcon.colcon_core.package_identification:_identify(.) by extension 'ros'
[0.675s] Level 1:colcon.colcon_core.package_identification:_identify(.) by extensions ['cmake', 'python']
[0.675s] Level 1:colcon.colcon_core.package_identification:_identify(.) by extension 'cmake'
[0.675s] Level 1:colcon.colcon_core.package_identification:_identify(.) by extension 'python'
[0.676s] Level 1:colcon.colcon_core.package_identification:_identify(.) by extensions ['python_setup_py']
[0.676s] Level 1:colcon.colcon_core.package_identification:_identify(.) by extension 'python_setup_py'
[0.676s] Level 1:colcon.colcon_core.package_identification:_identify(build) by extensions ['ignore', 'ignore_ament_install']
[0.676s] Level 1:colcon.colcon_core.package_identification:_identify(build) by extension 'ignore'
[0.676s] Level 1:colcon.colcon_core.package_identification:_identify(build) ignored
[0.677s] Level 1:colcon.colcon_core.package_identification:_identify(install) by extensions ['ignore', 'ignore_ament_install']
[0.677s] Level 1:colcon.colcon_core.package_identification:_identify(install) by extension 'ignore'
[0.677s] Level 1:colcon.colcon_core.package_identification:_identify(install) ignored
[0.677s] Level 1:colcon.colcon_core.package_identification:_identify(log) by extensions ['ignore', 'ignore_ament_install']
[0.678s] Level 1:colcon.colcon_core.package_identification:_identify(log) by extension 'ignore'
[0.678s] Level 1:colcon.colcon_core.package_identification:_identify(log) ignored
[0.678s] Level 1:colcon.colcon_core.package_identification:_identify(src) by extensions ['ignore', 'ignore_ament_install']
[0.678s] Level 1:colcon.colcon_core.package_identification:_identify(src) by extension 'ignore'
[0.678s] Level 1:colcon.colcon_core.package_identification:_identify(src) by extension 'ignore_ament_install'
[0.679s] Level 1:colcon.colcon_core.package_identification:_identify(src) by extensions ['colcon_pkg']
[0.679s] Level 1:colcon.colcon_core.package_identification:_identify(src) by extension 'colcon_pkg'
[0.679s] Level 1:colcon.colcon_core.package_identification:_identify(src) by extensions ['colcon_meta']
[0.679s] Level 1:colcon.colcon_core.package_identification:_identify(src) by extension 'colcon_meta'
[0.679s] Level 1:colcon.colcon_core.package_identification:_identify(src) by extensions ['ros']
[0.679s] Level 1:colcon.colcon_core.package_identification:_identify(src) by extension 'ros'
[0.679s] Level 1:colcon.colcon_core.package_identification:_identify(src) by extensions ['cmake', 'python']
[0.679s] Level 1:colcon.colcon_core.package_identification:_identify(src) by extension 'cmake'
[0.679s] Level 1:colcon.colcon_core.package_identification:_identify(src) by extension 'python'
[0.679s] Level 1:colcon.colcon_core.package_identification:_identify(src) by extensions ['python_setup_py']
[0.680s] Level 1:colcon.colcon_core.package_identification:_identify(src) by extension 'python_setup_py'
[0.680s] Level 1:colcon.colcon_core.package_identification:_identify(src/ebot_control) by extensions ['ignore', 'ignore_ament_install']
[0.680s] Level 1:colcon.colcon_core.package_identification:_identify(src/ebot_control) by extension 'ignore'
[0.680s] Level 1:colcon.colcon_core.package_identification:_identify(src/ebot_control) by extension 'ignore_ament_install'
[0.680s] Level 1:colcon.colcon_core.package_identification:_identify(src/ebot_control) by extensions ['colcon_pkg']
[0.680s] Level 1:colcon.colcon_core.package_identification:_identify(src/ebot_control) by extension 'colcon_pkg'
[0.681s] Level 1:colcon.colcon_core.package_identification:_identify(src/ebot_control) by extensions ['colcon_meta']
[0.681s] Level 1:colcon.colcon_core.package_identification:_identify(src/ebot_control) by extension 'colcon_meta'
[0.681s] Level 1:colcon.colcon_core.package_identification:_identify(src/ebot_control) by extensions ['ros']
[0.681s] Level 1:colcon.colcon_core.package_identification:_identify(src/ebot_control) by extension 'ros'
[0.690s] DEBUG:colcon.colcon_core.package_identification:Package 'src/ebot_control' with type 'ros.ament_python' and name 'ebot_control'
[0.690s] Level 1:colcon.colcon_core.package_identification:_identify(src/sllidar_ros2) by extensions ['ignore', 'ignore_ament_install']
[0.691s] Level 1:colcon.colcon_core.package_identification:_identify(src/sllidar_ros2) by extension 'ignore'
[0.691s] Level 1:colcon.colcon_core.package_identification:_identify(src/sllidar_ros2) by extension 'ignore_ament_install'
[0.691s] Level 1:colcon.colcon_core.package_identification:_identify(src/sllidar_ros2) by extensions ['colcon_pkg']
[0.691s] Level 1:colcon.colcon_core.package_identification:_identify(src/sllidar_ros2) by extension 'colcon_pkg'
[0.691s] Level 1:colcon.colcon_core.package_identification:_identify(src/sllidar_ros2) by extensions ['colcon_meta']
[0.691s] Level 1:colcon.colcon_core.package_identification:_identify(src/sllidar_ros2) by extension 'colcon_meta'
[0.692s] Level 1:colcon.colcon_core.package_identification:_identify(src/sllidar_ros2) by extensions ['ros']
[0.692s] Level 1:colcon.colcon_core.package_identification:_identify(src/sllidar_ros2) by extension 'ros'
[0.694s] DEBUG:colcon.colcon_core.package_identification:Package 'src/sllidar_ros2' with type 'ros.ament_cmake' and name 'sllidar_ros2'
[0.694s] Level 1:colcon.colcon_core.package_discovery:discover_packages(recursive) using defaults
[0.694s] Level 1:colcon.colcon_core.package_discovery:discover_packages(ignore) discover
[0.694s] Level 1:colcon.colcon_core.package_discovery:discover_packages(ignore) using defaults
[0.694s] Level 1:colcon.colcon_core.package_discovery:discover_packages(path) discover
[0.694s] Level 1:colcon.colcon_core.package_discovery:discover_packages(path) using defaults
[0.760s] Level 1:colcon.colcon_core.package_discovery:discover_packages(prefix_path) check parameters
[0.760s] Level 1:colcon.colcon_core.package_discovery:discover_packages(prefix_path) discover
[0.766s] DEBUG:colcon.colcon_installed_package_information.package_discovery:Found 2 installed packages in /home/vgi/ebot_ws/install
[0.772s] DEBUG:colcon.colcon_installed_package_information.package_discovery:Found 381 installed packages in /opt/ros/jazzy
[0.778s] Level 1:colcon.colcon_core.package_discovery:discover_packages(prefix_path) using defaults
[0.970s] Level 5:colcon.colcon_core.verb:set package 'ebot_control' build argument 'cmake_args' from command line to 'None'
[0.971s] Level 5:colcon.colcon_core.verb:set package 'ebot_control' build argument 'cmake_target' from command line to 'None'
[0.971s] Level 5:colcon.colcon_core.verb:set package 'ebot_control' build argument 'cmake_target_skip_unavailable' from command line to 'False'
[0.971s] Level 5:colcon.colcon_core.verb:set package 'ebot_control' build argument 'cmake_clean_cache' from command line to 'False'
[0.971s] Level 5:colcon.colcon_core.verb:set package 'ebot_control' build argument 'cmake_clean_first' from command line to 'False'
[0.971s] Level 5:colcon.colcon_core.verb:set package 'ebot_control' build argument 'cmake_force_configure' from command line to 'False'
[0.971s] Level 5:colcon.colcon_core.verb:set package 'ebot_control' build argument 'ament_cmake_args' from command line to 'None'
[0.971s] Level 5:colcon.colcon_core.verb:set package 'ebot_control' build argument 'catkin_cmake_args' from command line to 'None'
[0.971s] Level 5:colcon.colcon_core.verb:set package 'ebot_control' build argument 'catkin_skip_building_tests' from command line to 'False'
[0.971s] DEBUG:colcon.colcon_core.verb:Building package 'ebot_control' with the following arguments: {'ament_cmake_args': None, 'build_base': '/home/vgi/ebot_ws/build/ebot_control', 'catkin_cmake_args': None, 'catkin_skip_building_tests': False, 'cmake_args': None, 'cmake_clean_cache': False, 'cmake_clean_first': False, 'cmake_force_configure': False, 'cmake_target': None, 'cmake_target_skip_unavailable': False, 'install_base': '/home/vgi/ebot_ws/install/ebot_control', 'merge_install': False, 'path': '/home/vgi/ebot_ws/src/ebot_control', 'symlink_install': False, 'test_result_base': None}
[0.972s] Level 5:colcon.colcon_core.verb:set package 'sllidar_ros2' build argument 'cmake_args' from command line to 'None'
[0.972s] Level 5:colcon.colcon_core.verb:set package 'sllidar_ros2' build argument 'cmake_target' from command line to 'None'
[0.972s] Level 5:colcon.colcon_core.verb:set package 'sllidar_ros2' build argument 'cmake_target_skip_unavailable' from command line to 'False'
[0.972s] Level 5:colcon.colcon_core.verb:set package 'sllidar_ros2' build argument 'cmake_clean_cache' from command line to 'False'
[0.972s] Level 5:colcon.colcon_core.verb:set package 'sllidar_ros2' build argument 'cmake_clean_first' from command line to 'False'
[0.972s] Level 5:colcon.colcon_core.verb:set package 'sllidar_ros2' build argument 'cmake_force_configure' from command line to 'False'
[0.972s] Level 5:colcon.colcon_core.verb:set package 'sllidar_ros2' build argument 'ament_cmake_args' from command line to 'None'
[0.973s] Level 5:colcon.colcon_core.verb:set package 'sllidar_ros2' build argument 'catkin_cmake_args' from command line to 'None'
[0.973s] Level 5:colcon.colcon_core.verb:set package 'sllidar_ros2' build argument 'catkin_skip_building_tests' from command line to 'False'
[0.973s] DEBUG:colcon.colcon_core.verb:Building package 'sllidar_ros2' with the following arguments: {'ament_cmake_args': None, 'build_base': '/home/vgi/ebot_ws/build/sllidar_ros2', 'catkin_cmake_args': None, 'catkin_skip_building_tests': False, 'cmake_args': None, 'cmake_clean_cache': False, 'cmake_clean_first': False, 'cmake_force_configure': False, 'cmake_target': None, 'cmake_target_skip_unavailable': False, 'install_base': '/home/vgi/ebot_ws/install/sllidar_ros2', 'merge_install': False, 'path': '/home/vgi/ebot_ws/src/sllidar_ros2', 'symlink_install': False, 'test_result_base': None}
[0.973s] INFO:colcon.colcon_core.executor:Executing jobs using 'parallel' executor
[0.976s] DEBUG:colcon.colcon_parallel_executor.executor.parallel:run_until_complete
[0.978s] INFO:colcon.colcon_ros.task.ament_python.build:Building ROS package in '/home/vgi/ebot_ws/src/ebot_control' with build type 'ament_python'
[0.979s] Level 1:colcon.colcon_core.shell:create_environment_hook('ebot_control', 'ament_prefix_path')
[0.988s] INFO:colcon.colcon_core.plugin_system:Skipping extension 'colcon_core.shell.bat': Not used on non-Windows systems
[0.989s] INFO:colcon.colcon_core.shell:Creating environment hook '/home/vgi/ebot_ws/install/ebot_control/share/ebot_control/hook/ament_prefix_path.ps1'
[0.992s] INFO:colcon.colcon_core.shell:Creating environment descriptor '/home/vgi/ebot_ws/install/ebot_control/share/ebot_control/hook/ament_prefix_path.dsv'
[0.994s] INFO:colcon.colcon_core.shell:Creating environment hook '/home/vgi/ebot_ws/install/ebot_control/share/ebot_control/hook/ament_prefix_path.sh'
[0.997s] INFO:colcon.colcon_core.shell:Skip shell extension 'powershell' for command environment: Not usable outside of PowerShell
[0.998s] DEBUG:colcon.colcon_core.shell:Skip shell extension 'dsv' for command environment
[1.013s] INFO:colcon.colcon_ros.task.ament_cmake.build:Building ROS package in '/home/vgi/ebot_ws/src/sllidar_ros2' with build type 'ament_cmake'
[1.014s] INFO:colcon.colcon_cmake.task.cmake.build:Building CMake package in '/home/vgi/ebot_ws/src/sllidar_ros2'
[1.015s] INFO:colcon.colcon_core.shell:Skip shell extension 'powershell' for command environment: Not usable outside of PowerShell
[1.015s] DEBUG:colcon.colcon_core.shell:Skip shell extension 'dsv' for command environment
[1.721s] INFO:colcon.colcon_core.task.python.build:Building Python package in '/home/vgi/ebot_ws/src/ebot_control'
[1.721s] INFO:colcon.colcon_core.shell:Skip shell extension 'powershell' for command environment: Not usable outside of PowerShell
[1.721s] DEBUG:colcon.colcon_core.shell:Skip shell extension 'dsv' for command environment
[1.739s] DEBUG:colcon.colcon_core.event_handler.log_command:Invoking command in '/home/vgi/ebot_ws/build/sllidar_ros2': CMAKE_PREFIX_PATH=${CMAKE_PREFIX_PATH}:/home/vgi/ebot_ws/install/ebot_control:/opt/ros/jazzy DEBUGINFOD_URLS=https://debuginfod.ubuntu.com /usr/bin/cmake --build /home/vgi/ebot_ws/build/sllidar_ros2 -- -j4 -l4
[4.042s] DEBUG:colcon.colcon_core.event_handler.log_command:Invoking command in '/home/vgi/ebot_ws/src/ebot_control': DEBUGINFOD_URLS=https://debuginfod.ubuntu.com PYTHONPATH=/home/vgi/ebot_ws/build/ebot_control/prefix_override:/usr/lib/python3/dist-packages/colcon_core/task/python/colcon_distutils_commands:/home/vgi/ebot_ws/install/ebot_control/lib/python3.12/site-packages:${PYTHONPATH} /usr/bin/python3 -W ignore:setup.py install is deprecated -W ignore:easy_install command is deprecated setup.py egg_info --egg-base ../../build/ebot_control build --build-base /home/vgi/ebot_ws/build/ebot_control/build install --record /home/vgi/ebot_ws/build/ebot_control/install.log --single-version-externally-managed install_data
[6.159s] DEBUG:colcon.colcon_core.event_handler.log_command:Invoked command in '/home/vgi/ebot_ws/src/ebot_control' returned '0': DEBUGINFOD_URLS=https://debuginfod.ubuntu.com PYTHONPATH=/home/vgi/ebot_ws/build/ebot_control/prefix_override:/usr/lib/python3/dist-packages/colcon_core/task/python/colcon_distutils_commands:/home/vgi/ebot_ws/install/ebot_control/lib/python3.12/site-packages:${PYTHONPATH} /usr/bin/python3 -W ignore:setup.py install is deprecated -W ignore:easy_install command is deprecated setup.py egg_info --egg-base ../../build/ebot_control build --build-base /home/vgi/ebot_ws/build/ebot_control/build install --record /home/vgi/ebot_ws/build/ebot_control/install.log --single-version-externally-managed install_data
[6.170s] Level 1:colcon.colcon_core.environment:checking '/home/vgi/ebot_ws/install/ebot_control' for CMake module files
[6.172s] Level 1:colcon.colcon_core.environment:checking '/home/vgi/ebot_ws/install/ebot_control' for CMake config files
[6.174s] Level 1:colcon.colcon_core.environment:checking '/home/vgi/ebot_ws/install/ebot_control/lib'
[6.174s] Level 1:colcon.colcon_core.environment:checking '/home/vgi/ebot_ws/install/ebot_control/bin'
[6.175s] Level 1:colcon.colcon_core.environment:checking '/home/vgi/ebot_ws/install/ebot_control/lib/pkgconfig/ebot_control.pc'
[6.175s] Level 1:colcon.colcon_core.environment:checking '/home/vgi/ebot_ws/install/ebot_control/lib/python3.12/site-packages'
[6.176s] Level 1:colcon.colcon_core.shell:create_environment_hook('ebot_control', 'pythonpath')
[6.176s] INFO:colcon.colcon_core.shell:Creating environment hook '/home/vgi/ebot_ws/install/ebot_control/share/ebot_control/hook/pythonpath.ps1'
[6.178s] INFO:colcon.colcon_core.shell:Creating environment descriptor '/home/vgi/ebot_ws/install/ebot_control/share/ebot_control/hook/pythonpath.dsv'
[6.180s] INFO:colcon.colcon_core.shell:Creating environment hook '/home/vgi/ebot_ws/install/ebot_control/share/ebot_control/hook/pythonpath.sh'
[6.181s] Level 1:colcon.colcon_core.environment:checking '/home/vgi/ebot_ws/install/ebot_control/bin'
[6.182s] Level 1:colcon.colcon_core.environment:create_environment_scripts_only(ebot_control)
[6.182s] INFO:colcon.colcon_core.shell:Creating package script '/home/vgi/ebot_ws/install/ebot_control/share/ebot_control/package.ps1'
[6.185s] INFO:colcon.colcon_core.shell:Creating package descriptor '/home/vgi/ebot_ws/install/ebot_control/share/ebot_control/package.dsv'
[6.186s] INFO:colcon.colcon_core.shell:Creating package script '/home/vgi/ebot_ws/install/ebot_control/share/ebot_control/package.sh'
[6.188s] INFO:colcon.colcon_core.shell:Creating package script '/home/vgi/ebot_ws/install/ebot_control/share/ebot_control/package.bash'
[6.191s] INFO:colcon.colcon_core.shell:Creating package script '/home/vgi/ebot_ws/install/ebot_control/share/ebot_control/package.zsh'
[6.193s] Level 1:colcon.colcon_core.environment:create_file_with_runtime_dependencies(/home/vgi/ebot_ws/install/ebot_control/share/colcon-core/packages/ebot_control)
[23.173s] DEBUG:colcon.colcon_core.event_handler.log_command:Invoked command in '/home/vgi/ebot_ws/build/sllidar_ros2' returned '0': CMAKE_PREFIX_PATH=${CMAKE_PREFIX_PATH}:/home/vgi/ebot_ws/install/ebot_control:/opt/ros/jazzy DEBUGINFOD_URLS=https://debuginfod.ubuntu.com /usr/bin/cmake --build /home/vgi/ebot_ws/build/sllidar_ros2 -- -j4 -l4
[23.212s] DEBUG:colcon.colcon_core.event_handler.log_command:Invoking command in '/home/vgi/ebot_ws/build/sllidar_ros2': CMAKE_PREFIX_PATH=${CMAKE_PREFIX_PATH}:/home/vgi/ebot_ws/install/ebot_control:/opt/ros/jazzy DEBUGINFOD_URLS=https://debuginfod.ubuntu.com /usr/bin/cmake --install /home/vgi/ebot_ws/build/sllidar_ros2
[23.332s] Level 1:colcon.colcon_core.environment:create_environment_scripts_only(sllidar_ros2)
[23.332s] Level 1:colcon.colcon_core.environment:checking '/home/vgi/ebot_ws/install/sllidar_ros2' for CMake module files
[23.339s] Level 1:colcon.colcon_core.environment:checking '/home/vgi/ebot_ws/install/sllidar_ros2' for CMake config files
[23.341s] Level 1:colcon.colcon_core.shell:create_environment_hook('sllidar_ros2', 'cmake_prefix_path')
[23.341s] INFO:colcon.colcon_core.shell:Creating environment hook '/home/vgi/ebot_ws/install/sllidar_ros2/share/sllidar_ros2/hook/cmake_prefix_path.ps1'
[23.344s] DEBUG:colcon.colcon_core.event_handler.log_command:Invoked command in '/home/vgi/ebot_ws/build/sllidar_ros2' returned '0': CMAKE_PREFIX_PATH=${CMAKE_PREFIX_PATH}:/home/vgi/ebot_ws/install/ebot_control:/opt/ros/jazzy DEBUGINFOD_URLS=https://debuginfod.ubuntu.com /usr/bin/cmake --install /home/vgi/ebot_ws/build/sllidar_ros2
[23.349s] INFO:colcon.colcon_core.shell:Creating environment descriptor '/home/vgi/ebot_ws/install/sllidar_ros2/share/sllidar_ros2/hook/cmake_prefix_path.dsv'
[23.351s] INFO:colcon.colcon_core.shell:Creating environment hook '/home/vgi/ebot_ws/install/sllidar_ros2/share/sllidar_ros2/hook/cmake_prefix_path.sh'
[23.356s] Level 1:colcon.colcon_core.environment:checking '/home/vgi/ebot_ws/install/sllidar_ros2/lib'
[23.357s] Level 1:colcon.colcon_core.environment:checking '/home/vgi/ebot_ws/install/sllidar_ros2/bin'
[23.357s] Level 1:colcon.colcon_core.environment:checking '/home/vgi/ebot_ws/install/sllidar_ros2/lib/pkgconfig/sllidar_ros2.pc'
[23.362s] Level 1:colcon.colcon_core.environment:checking '/home/vgi/ebot_ws/install/sllidar_ros2/lib/python3.12/site-packages'
[23.363s] Level 1:colcon.colcon_core.environment:checking '/home/vgi/ebot_ws/install/sllidar_ros2/bin'
[23.364s] INFO:colcon.colcon_core.shell:Creating package script '/home/vgi/ebot_ws/install/sllidar_ros2/share/sllidar_ros2/package.ps1'
[23.369s] INFO:colcon.colcon_core.shell:Creating package descriptor '/home/vgi/ebot_ws/install/sllidar_ros2/share/sllidar_ros2/package.dsv'
[23.374s] INFO:colcon.colcon_core.shell:Creating package script '/home/vgi/ebot_ws/install/sllidar_ros2/share/sllidar_ros2/package.sh'
[23.379s] INFO:colcon.colcon_core.shell:Creating package script '/home/vgi/ebot_ws/install/sllidar_ros2/share/sllidar_ros2/package.bash'
[23.383s] INFO:colcon.colcon_core.shell:Creating package script '/home/vgi/ebot_ws/install/sllidar_ros2/share/sllidar_ros2/package.zsh'
[23.387s] Level 1:colcon.colcon_core.environment:create_file_with_runtime_dependencies(/home/vgi/ebot_ws/install/sllidar_ros2/share/colcon-core/packages/sllidar_ros2)
[23.395s] Level 1:colcon.colcon_core.environment:create_environment_scripts_only(sllidar_ros2)
[23.396s] Level 1:colcon.colcon_core.environment:checking '/home/vgi/ebot_ws/install/sllidar_ros2' for CMake module files
[23.399s] Level 1:colcon.colcon_core.environment:checking '/home/vgi/ebot_ws/install/sllidar_ros2' for CMake config files
[23.400s] Level 1:colcon.colcon_core.shell:create_environment_hook('sllidar_ros2', 'cmake_prefix_path')
[23.402s] INFO:colcon.colcon_core.shell:Creating environment hook '/home/vgi/ebot_ws/install/sllidar_ros2/share/sllidar_ros2/hook/cmake_prefix_path.ps1'
[23.404s] INFO:colcon.colcon_core.shell:Creating environment descriptor '/home/vgi/ebot_ws/install/sllidar_ros2/share/sllidar_ros2/hook/cmake_prefix_path.dsv'
[23.406s] INFO:colcon.colcon_core.shell:Creating environment hook '/home/vgi/ebot_ws/install/sllidar_ros2/share/sllidar_ros2/hook/cmake_prefix_path.sh'
[23.410s] Level 1:colcon.colcon_core.environment:checking '/home/vgi/ebot_ws/install/sllidar_ros2/lib'
[23.410s] Level 1:colcon.colcon_core.environment:checking '/home/vgi/ebot_ws/install/sllidar_ros2/bin'
[23.411s] Level 1:colcon.colcon_core.environment:checking '/home/vgi/ebot_ws/install/sllidar_ros2/lib/pkgconfig/sllidar_ros2.pc'
[23.411s] Level 1:colcon.colcon_core.environment:checking '/home/vgi/ebot_ws/install/sllidar_ros2/lib/python3.12/site-packages'
[23.413s] Level 1:colcon.colcon_core.environment:checking '/home/vgi/ebot_ws/install/sllidar_ros2/bin'
[23.414s] INFO:colcon.colcon_core.shell:Creating package script '/home/vgi/ebot_ws/install/sllidar_ros2/share/sllidar_ros2/package.ps1'
[23.421s] INFO:colcon.colcon_core.shell:Creating package descriptor '/home/vgi/ebot_ws/install/sllidar_ros2/share/sllidar_ros2/package.dsv'
[23.425s] INFO:colcon.colcon_core.shell:Creating package script '/home/vgi/ebot_ws/install/sllidar_ros2/share/sllidar_ros2/package.sh'
[23.429s] INFO:colcon.colcon_core.shell:Creating package script '/home/vgi/ebot_ws/install/sllidar_ros2/share/sllidar_ros2/package.bash'
[23.432s] INFO:colcon.colcon_core.shell:Creating package script '/home/vgi/ebot_ws/install/sllidar_ros2/share/sllidar_ros2/package.zsh'
[23.435s] Level 1:colcon.colcon_core.environment:create_file_with_runtime_dependencies(/home/vgi/ebot_ws/install/sllidar_ros2/share/colcon-core/packages/sllidar_ros2)
[23.442s] DEBUG:colcon.colcon_parallel_executor.executor.parallel:closing loop
[23.444s] DEBUG:colcon.colcon_parallel_executor.executor.parallel:loop closed
[23.445s] DEBUG:colcon.colcon_parallel_executor.executor.parallel:run_until_complete finished with '0'
[23.445s] DEBUG:colcon.colcon_core.event_reactor:joining thread
[23.495s] INFO:colcon.colcon_core.plugin_system:Skipping extension 'colcon_notification.desktop_notification.terminal_notifier': Not used on non-Darwin systems
[23.495s] INFO:colcon.colcon_core.plugin_system:Skipping extension 'colcon_notification.desktop_notification.win32': Not used on non-Windows systems
[23.495s] INFO:colcon.colcon_notification.desktop_notification:Sending desktop notification using 'notify2'
[23.582s] DEBUG:colcon.colcon_core.event_reactor:joined thread
[23.583s] INFO:colcon.colcon_core.shell:Creating prefix script '/home/vgi/ebot_ws/install/local_setup.ps1'
[23.586s] INFO:colcon.colcon_core.shell:Creating prefix util module '/home/vgi/ebot_ws/install/_local_setup_util_ps1.py'
[23.590s] INFO:colcon.colcon_core.shell:Creating prefix chain script '/home/vgi/ebot_ws/install/setup.ps1'
[23.593s] INFO:colcon.colcon_core.shell:Creating prefix script '/home/vgi/ebot_ws/install/local_setup.sh'
[23.595s] INFO:colcon.colcon_core.shell:Creating prefix util module '/home/vgi/ebot_ws/install/_local_setup_util_sh.py'
[23.597s] INFO:colcon.colcon_core.shell:Creating prefix chain script '/home/vgi/ebot_ws/install/setup.sh'
[23.601s] INFO:colcon.colcon_core.shell:Creating prefix script '/home/vgi/ebot_ws/install/local_setup.bash'
[23.605s] INFO:colcon.colcon_core.shell:Creating prefix chain script '/home/vgi/ebot_ws/install/setup.bash'
[23.609s] INFO:colcon.colcon_core.shell:Creating prefix script '/home/vgi/ebot_ws/install/local_setup.zsh'
[23.611s] INFO:colcon.colcon_core.shell:Creating prefix chain script '/home/vgi/ebot_ws/install/setup.zsh'
