running egg_info
creating ../../build/ebot_control/ebot_control.egg-info
writing ../../build/ebot_control/ebot_control.egg-info/PKG-INFO
writing dependency_links to ../../build/ebot_control/ebot_control.egg-info/dependency_links.txt
writing entry points to ../../build/ebot_control/ebot_control.egg-info/entry_points.txt
writing requirements to ../../build/ebot_control/ebot_control.egg-info/requires.txt
writing top-level names to ../../build/ebot_control/ebot_control.egg-info/top_level.txt
writing manifest file '../../build/ebot_control/ebot_control.egg-info/SOURCES.txt'
reading manifest file '../../build/ebot_control/ebot_control.egg-info/SOURCES.txt'
writing manifest file '../../build/ebot_control/ebot_control.egg-info/SOURCES.txt'
running build
running build_py
creating /home/vgi/ebot_ws/build/ebot_control/build
creating /home/vgi/ebot_ws/build/ebot_control/build/lib
creating /home/vgi/ebot_ws/build/ebot_control/build/lib/ebot_control
copying ebot_control/__init__.py -> /home/vgi/ebot_ws/build/ebot_control/build/lib/ebot_control
copying ebot_control/controller_node.py -> /home/vgi/ebot_ws/build/ebot_control/build/lib/ebot_control
running install
running install_lib
creating /home/vgi/ebot_ws/install/ebot_control/lib/python3.12/site-packages/ebot_control
copying /home/vgi/ebot_ws/build/ebot_control/build/lib/ebot_control/__init__.py -> /home/vgi/ebot_ws/install/ebot_control/lib/python3.12/site-packages/ebot_control
copying /home/vgi/ebot_ws/build/ebot_control/build/lib/ebot_control/controller_node.py -> /home/vgi/ebot_ws/install/ebot_control/lib/python3.12/site-packages/ebot_control
byte-compiling /home/vgi/ebot_ws/install/ebot_control/lib/python3.12/site-packages/ebot_control/__init__.py to __init__.cpython-312.pyc
byte-compiling /home/vgi/ebot_ws/install/ebot_control/lib/python3.12/site-packages/ebot_control/controller_node.py to controller_node.cpython-312.pyc
running install_data
creating /home/vgi/ebot_ws/install/ebot_control/share/ament_index
creating /home/vgi/ebot_ws/install/ebot_control/share/ament_index/resource_index
creating /home/vgi/ebot_ws/install/ebot_control/share/ament_index/resource_index/packages
copying resource/ebot_control -> /home/vgi/ebot_ws/install/ebot_control/share/ament_index/resource_index/packages
copying package.xml -> /home/vgi/ebot_ws/install/ebot_control/share/ebot_control
running install_egg_info
Copying ../../build/ebot_control/ebot_control.egg-info to /home/vgi/ebot_ws/install/ebot_control/lib/python3.12/site-packages/ebot_control-0.0.0-py3.12.egg-info
running install_scripts
Installing controller_node script to /home/vgi/ebot_ws/install/ebot_control/lib/ebot_control
writing list of installed files to '/home/vgi/ebot_ws/build/ebot_control/install.log'
