[0.369s] Invoking command in '/home/vgi/ebot_ws/build/sllidar_ros2': CMAKE_PREFIX_PATH=${CMAKE_PREFIX_PATH}:/home/vgi/ebot_ws/install/ebot_control:/opt/ros/jazzy DEBUGINFOD_URLS=https://debuginfod.ubuntu.com /usr/bin/cmake --build /home/vgi/ebot_ws/build/sllidar_ros2 -- -j4 -l4
[3.426s] [ 90%] Built target sllidar_node
[3.478s] [100%] Built target sllidar_client
[3.504s] Invoked command in '/home/vgi/ebot_ws/build/sllidar_ros2' returned '0': CMAKE_PREFIX_PATH=${CMAKE_PREFIX_PATH}:/home/vgi/ebot_ws/install/ebot_control:/opt/ros/jazzy DEBUGINFOD_URLS=https://debuginfod.ubuntu.com /usr/bin/cmake --build /home/vgi/ebot_ws/build/sllidar_ros2 -- -j4 -l4
[3.531s] Invoking command in '/home/vgi/ebot_ws/build/sllidar_ros2': CMAKE_PREFIX_PATH=${CMAKE_PREFIX_PATH}:/home/vgi/ebot_ws/install/ebot_control:/opt/ros/jazzy DEBUGINFOD_URLS=https://debuginfod.ubuntu.com /usr/bin/cmake --install /home/vgi/ebot_ws/build/sllidar_ros2
[3.549s] -- Install configuration: ""
[3.550s] -- Up-to-date: /home/vgi/ebot_ws/install/sllidar_ros2/share/sllidar_ros2/launch
[3.550s] -- Up-to-date: /home/vgi/ebot_ws/install/sllidar_ros2/share/sllidar_ros2/launch/sllidar_s3_launch.py
[3.550s] -- Up-to-date: /home/vgi/ebot_ws/install/sllidar_ros2/share/sllidar_ros2/launch/view_sllidar_t1_launch.py
[3.550s] -- Up-to-date: /home/vgi/ebot_ws/install/sllidar_ros2/share/sllidar_ros2/launch/view_sllidar_s2e_launch.py
[3.550s] -- Up-to-date: /home/vgi/ebot_ws/install/sllidar_ros2/share/sllidar_ros2/launch/sllidar_a2m8_launch.py
[3.587s] -- Up-to-date: /home/vgi/ebot_ws/install/sllidar_ros2/share/sllidar_ros2/launch/view_sllidar_c1_launch.py
[3.587s] -- Up-to-date: /home/vgi/ebot_ws/install/sllidar_ros2/share/sllidar_ros2/launch/view_sllidar_a2m12_launch.py
[3.588s] -- Up-to-date: /home/vgi/ebot_ws/install/sllidar_ros2/share/sllidar_ros2/launch/view_sllidar_a2m7_launch.py
[3.588s] -- Up-to-date: /home/vgi/ebot_ws/install/sllidar_ros2/share/sllidar_ros2/launch/sllidar_a2m7_launch.py
[3.588s] -- Up-to-date: /home/vgi/ebot_ws/install/sllidar_ros2/share/sllidar_ros2/launch/view_sllidar_s1_launch.py
[3.588s] -- Up-to-date: /home/vgi/ebot_ws/install/sllidar_ros2/share/sllidar_ros2/launch/sllidar_a3_launch.py
[3.588s] -- Up-to-date: /home/vgi/ebot_ws/install/sllidar_ros2/share/sllidar_ros2/launch/sllidar_c1_launch.py
[3.588s] -- Up-to-date: /home/vgi/ebot_ws/install/sllidar_ros2/share/sllidar_ros2/launch/sllidar_t1_launch.py
[3.588s] -- Up-to-date: /home/vgi/ebot_ws/install/sllidar_ros2/share/sllidar_ros2/launch/view_sllidar_a1_launch.py
[3.589s] -- Up-to-date: /home/vgi/ebot_ws/install/sllidar_ros2/share/sllidar_ros2/launch/view_sllidar_a3_launch.py
[3.589s] -- Up-to-date: /home/vgi/ebot_ws/install/sllidar_ros2/share/sllidar_ros2/launch/view_sllidar_a2m8_launch.py
[3.589s] -- Up-to-date: /home/vgi/ebot_ws/install/sllidar_ros2/share/sllidar_ros2/launch/sllidar_a2m12_launch .py
[3.589s] -- Up-to-date: /home/vgi/ebot_ws/install/sllidar_ros2/share/sllidar_ros2/launch/view_sllidar_s1_tcp_launch.py
[3.589s] -- Up-to-date: /home/vgi/ebot_ws/install/sllidar_ros2/share/sllidar_ros2/launch/sllidar_s2e_launch.py
[3.589s] -- Up-to-date: /home/vgi/ebot_ws/install/sllidar_ros2/share/sllidar_ros2/launch/sllidar_a1_launch.py
[3.589s] -- Up-to-date: /home/vgi/ebot_ws/install/sllidar_ros2/share/sllidar_ros2/launch/view_sllidar_s3_launch.py
[3.589s] -- Up-to-date: /home/vgi/ebot_ws/install/sllidar_ros2/share/sllidar_ros2/launch/sllidar_s1_launch.py
[3.590s] -- Up-to-date: /home/vgi/ebot_ws/install/sllidar_ros2/share/sllidar_ros2/launch/view_sllidar_s2_launch.py
[3.590s] -- Up-to-date: /home/vgi/ebot_ws/install/sllidar_ros2/share/sllidar_ros2/launch/sllidar_s1_tcp_launch.py
[3.590s] -- Up-to-date: /home/vgi/ebot_ws/install/sllidar_ros2/share/sllidar_ros2/launch/sllidar_s2_launch.py
[3.590s] -- Up-to-date: /home/vgi/ebot_ws/install/sllidar_ros2/share/sllidar_ros2/rviz
[3.590s] -- Up-to-date: /home/vgi/ebot_ws/install/sllidar_ros2/share/sllidar_ros2/rviz/sllidar_ros2.rviz
[3.652s] -- Up-to-date: /home/vgi/ebot_ws/install/sllidar_ros2/lib/sllidar_ros2/sllidar_node
[3.653s] -- Up-to-date: /home/vgi/ebot_ws/install/sllidar_ros2/lib/sllidar_ros2/sllidar_client
[3.653s] -- Up-to-date: /home/vgi/ebot_ws/install/sllidar_ros2/share/ament_index/resource_index/package_run_dependencies/sllidar_ros2
[3.653s] -- Up-to-date: /home/vgi/ebot_ws/install/sllidar_ros2/share/ament_index/resource_index/parent_prefix_path/sllidar_ros2
[3.653s] -- Up-to-date: /home/vgi/ebot_ws/install/sllidar_ros2/share/sllidar_ros2/environment/ament_prefix_path.sh
[3.654s] -- Up-to-date: /home/vgi/ebot_ws/install/sllidar_ros2/share/sllidar_ros2/environment/ament_prefix_path.dsv
[3.654s] -- Up-to-date: /home/vgi/ebot_ws/install/sllidar_ros2/share/sllidar_ros2/environment/path.sh
[3.654s] -- Up-to-date: /home/vgi/ebot_ws/install/sllidar_ros2/share/sllidar_ros2/environment/path.dsv
[3.654s] -- Up-to-date: /home/vgi/ebot_ws/install/sllidar_ros2/share/sllidar_ros2/local_setup.bash
[3.654s] -- Up-to-date: /home/vgi/ebot_ws/install/sllidar_ros2/share/sllidar_ros2/local_setup.sh
[3.654s] -- Up-to-date: /home/vgi/ebot_ws/install/sllidar_ros2/share/sllidar_ros2/local_setup.zsh
[3.655s] -- Up-to-date: /home/vgi/ebot_ws/install/sllidar_ros2/share/sllidar_ros2/local_setup.dsv
[3.655s] -- Installing: /home/vgi/ebot_ws/install/sllidar_ros2/share/sllidar_ros2/package.dsv
[3.655s] -- Up-to-date: /home/vgi/ebot_ws/install/sllidar_ros2/share/ament_index/resource_index/packages/sllidar_ros2
[3.655s] -- Up-to-date: /home/vgi/ebot_ws/install/sllidar_ros2/share/sllidar_ros2/cmake/ament_cmake_export_dependencies-extras.cmake
[3.656s] -- Up-to-date: /home/vgi/ebot_ws/install/sllidar_ros2/share/sllidar_ros2/cmake/ament_cmake_export_include_directories-extras.cmake
[3.656s] -- Up-to-date: /home/vgi/ebot_ws/install/sllidar_ros2/share/sllidar_ros2/cmake/sllidar_ros2Config.cmake
[3.656s] -- Up-to-date: /home/vgi/ebot_ws/install/sllidar_ros2/share/sllidar_ros2/cmake/sllidar_ros2Config-version.cmake
[3.656s] -- Up-to-date: /home/vgi/ebot_ws/install/sllidar_ros2/share/sllidar_ros2/package.xml
[3.723s] Invoked command in '/home/vgi/ebot_ws/build/sllidar_ros2' returned '0': CMAKE_PREFIX_PATH=${CMAKE_PREFIX_PATH}:/home/vgi/ebot_ws/install/ebot_control:/opt/ros/jazzy DEBUGINFOD_URLS=https://debuginfod.ubuntu.com /usr/bin/cmake --install /home/vgi/ebot_ws/build/sllidar_ros2
