[3.327s] Invoking command in '/home/vgi/ebot_ws/src/ebot_control': DEBUGINFOD_URLS=https://debuginfod.ubuntu.com PYTHONPATH=/home/vgi/ebot_ws/build/ebot_control/prefix_override:/usr/lib/python3/dist-packages/colcon_core/task/python/colcon_distutils_commands:/home/vgi/ebot_ws/install/ebot_control/lib/python3.12/site-packages:${PYTHONPATH} /usr/bin/python3 -W ignore:setup.py install is deprecated -W ignore:easy_install command is deprecated setup.py egg_info --egg-base ../../build/ebot_control build --build-base /home/vgi/ebot_ws/build/ebot_control/build install --record /home/vgi/ebot_ws/build/ebot_control/install.log --single-version-externally-managed install_data
[4.204s] running egg_info
[4.288s] writing ../../build/ebot_control/ebot_control.egg-info/PKG-INFO
[4.288s] writing dependency_links to ../../build/ebot_control/ebot_control.egg-info/dependency_links.txt
[4.291s] writing entry points to ../../build/ebot_control/ebot_control.egg-info/entry_points.txt
[4.294s] writing requirements to ../../build/ebot_control/ebot_control.egg-info/requires.txt
[4.296s] writing top-level names to ../../build/ebot_control/ebot_control.egg-info/top_level.txt
[4.488s] reading manifest file '../../build/ebot_control/ebot_control.egg-info/SOURCES.txt'
[4.494s] writing manifest file '../../build/ebot_control/ebot_control.egg-info/SOURCES.txt'
[4.494s] running build
[4.495s] running build_py
[4.495s] running install
[4.542s] running install_lib
[4.590s] running install_data
[4.591s] running install_egg_info
[4.712s] removing '/home/vgi/ebot_ws/install/ebot_control/lib/python3.12/site-packages/ebot_control-0.0.0-py3.12.egg-info' (and everything under it)
[4.717s] Copying ../../build/ebot_control/ebot_control.egg-info to /home/vgi/ebot_ws/install/ebot_control/lib/python3.12/site-packages/ebot_control-0.0.0-py3.12.egg-info
[4.717s] running install_scripts
[5.126s] Installing controller_node script to /home/vgi/ebot_ws/install/ebot_control/lib/ebot_control
[5.513s] writing list of installed files to '/home/vgi/ebot_ws/build/ebot_control/install.log'
[5.695s] Invoked command in '/home/vgi/ebot_ws/src/ebot_control' returned '0': DEBUGINFOD_URLS=https://debuginfod.ubuntu.com PYTHONPATH=/home/vgi/ebot_ws/build/ebot_control/prefix_override:/usr/lib/python3/dist-packages/colcon_core/task/python/colcon_distutils_commands:/home/vgi/ebot_ws/install/ebot_control/lib/python3.12/site-packages:${PYTHONPATH} /usr/bin/python3 -W ignore:setup.py install is deprecated -W ignore:easy_install command is deprecated setup.py egg_info --egg-base ../../build/ebot_control build --build-base /home/vgi/ebot_ws/build/ebot_control/build install --record /home/vgi/ebot_ws/build/ebot_control/install.log --single-version-externally-managed install_data
