[0.243s] DEBUG:colcon:Command line arguments: ['/usr/bin/colcon', 'build']
[0.243s] DEBUG:colcon:Parsed command line arguments: Namespace(log_base=None, log_level=None, verb_name='build', build_base='build', install_base='install', merge_install=False, symlink_install=False, test_result_base=None, continue_on_error=False, executor='parallel', parallel_workers=4, event_handlers=None, ignore_user_meta=False, metas=['./colcon.meta'], base_paths=['.'], packages_ignore=None, packages_ignore_regex=None, paths=None, packages_up_to=None, packages_up_to_regex=None, packages_above=None, packages_above_and_dependencies=None, packages_above_depth=None, packages_select_by_dep=None, packages_skip_by_dep=None, packages_skip_up_to=None, packages_select_build_failed=False, packages_skip_build_finished=False, packages_select_test_failures=False, packages_skip_test_passed=False, packages_select=None, packages_skip=None, packages_select_regex=None, packages_skip_regex=None, packages_start=None, packages_end=None, allow_overriding=[], cmake_args=None, cmake_target=None, cmake_target_skip_unavailable=False, cmake_clean_cache=False, cmake_clean_first=False, cmake_force_configure=False, ament_cmake_args=None, catkin_cmake_args=None, catkin_skip_building_tests=False, mixin_files=None, mixin=None, verb_parser=<colcon_mixin.mixin.mixin_argument.MixinArgumentDecorator object at 0xffff83999280>, verb_extension=<colcon_core.verb.build.BuildVerb object at 0xffff83b5d850>, main=<bound method BuildVerb.main of <colcon_core.verb.build.BuildVerb object at 0xffff83b5d850>>, mixin_verb=('build',))
[0.381s] Level 1:colcon.colcon_core.package_discovery:discover_packages(colcon_meta) check parameters
[0.381s] Level 1:colcon.colcon_core.package_discovery:discover_packages(recursive) check parameters
[0.381s] Level 1:colcon.colcon_core.package_discovery:discover_packages(ignore) check parameters
[0.381s] Level 1:colcon.colcon_core.package_discovery:discover_packages(path) check parameters
[0.381s] Level 1:colcon.colcon_core.package_discovery:discover_packages(colcon_meta) discover
[0.382s] Level 1:colcon.colcon_core.package_discovery:discover_packages(recursive) discover
[0.382s] INFO:colcon.colcon_core.package_discovery:Crawling recursively for packages in '/home/vgi/ebot_ws'
[0.382s] Level 1:colcon.colcon_core.package_identification:_identify(.) by extensions ['ignore', 'ignore_ament_install']
[0.382s] Level 1:colcon.colcon_core.package_identification:_identify(.) by extension 'ignore'
[0.383s] Level 1:colcon.colcon_core.package_identification:_identify(.) by extension 'ignore_ament_install'
[0.383s] Level 1:colcon.colcon_core.package_identification:_identify(.) by extensions ['colcon_pkg']
[0.383s] Level 1:colcon.colcon_core.package_identification:_identify(.) by extension 'colcon_pkg'
[0.383s] Level 1:colcon.colcon_core.package_identification:_identify(.) by extensions ['colcon_meta']
[0.383s] Level 1:colcon.colcon_core.package_identification:_identify(.) by extension 'colcon_meta'
[0.384s] Level 1:colcon.colcon_core.package_identification:_identify(.) by extensions ['ros']
[0.384s] Level 1:colcon.colcon_core.package_identification:_identify(.) by extension 'ros'
[0.483s] Level 1:colcon.colcon_core.package_identification:_identify(.) by extensions ['cmake', 'python']
[0.483s] Level 1:colcon.colcon_core.package_identification:_identify(.) by extension 'cmake'
[0.483s] Level 1:colcon.colcon_core.package_identification:_identify(.) by extension 'python'
[0.484s] Level 1:colcon.colcon_core.package_identification:_identify(.) by extensions ['python_setup_py']
[0.484s] Level 1:colcon.colcon_core.package_identification:_identify(.) by extension 'python_setup_py'
[0.484s] Level 1:colcon.colcon_core.package_identification:_identify(build) by extensions ['ignore', 'ignore_ament_install']
[0.484s] Level 1:colcon.colcon_core.package_identification:_identify(build) by extension 'ignore'
[0.485s] Level 1:colcon.colcon_core.package_identification:_identify(build) ignored
[0.485s] Level 1:colcon.colcon_core.package_identification:_identify(install) by extensions ['ignore', 'ignore_ament_install']
[0.485s] Level 1:colcon.colcon_core.package_identification:_identify(install) by extension 'ignore'
[0.485s] Level 1:colcon.colcon_core.package_identification:_identify(install) ignored
[0.486s] Level 1:colcon.colcon_core.package_identification:_identify(log) by extensions ['ignore', 'ignore_ament_install']
[0.486s] Level 1:colcon.colcon_core.package_identification:_identify(log) by extension 'ignore'
[0.486s] Level 1:colcon.colcon_core.package_identification:_identify(log) ignored
[0.486s] Level 1:colcon.colcon_core.package_identification:_identify(src) by extensions ['ignore', 'ignore_ament_install']
[0.486s] Level 1:colcon.colcon_core.package_identification:_identify(src) by extension 'ignore'
[0.487s] Level 1:colcon.colcon_core.package_identification:_identify(src) by extension 'ignore_ament_install'
[0.487s] Level 1:colcon.colcon_core.package_identification:_identify(src) by extensions ['colcon_pkg']
[0.487s] Level 1:colcon.colcon_core.package_identification:_identify(src) by extension 'colcon_pkg'
[0.487s] Level 1:colcon.colcon_core.package_identification:_identify(src) by extensions ['colcon_meta']
[0.487s] Level 1:colcon.colcon_core.package_identification:_identify(src) by extension 'colcon_meta'
[0.487s] Level 1:colcon.colcon_core.package_identification:_identify(src) by extensions ['ros']
[0.487s] Level 1:colcon.colcon_core.package_identification:_identify(src) by extension 'ros'
[0.487s] Level 1:colcon.colcon_core.package_identification:_identify(src) by extensions ['cmake', 'python']
[0.488s] Level 1:colcon.colcon_core.package_identification:_identify(src) by extension 'cmake'
[0.488s] Level 1:colcon.colcon_core.package_identification:_identify(src) by extension 'python'
[0.488s] Level 1:colcon.colcon_core.package_identification:_identify(src) by extensions ['python_setup_py']
[0.488s] Level 1:colcon.colcon_core.package_identification:_identify(src) by extension 'python_setup_py'
[0.488s] Level 1:colcon.colcon_core.package_identification:_identify(src/ebot_control) by extensions ['ignore', 'ignore_ament_install']
[0.488s] Level 1:colcon.colcon_core.package_identification:_identify(src/ebot_control) by extension 'ignore'
[0.488s] Level 1:colcon.colcon_core.package_identification:_identify(src/ebot_control) by extension 'ignore_ament_install'
[0.489s] Level 1:colcon.colcon_core.package_identification:_identify(src/ebot_control) by extensions ['colcon_pkg']
[0.489s] Level 1:colcon.colcon_core.package_identification:_identify(src/ebot_control) by extension 'colcon_pkg'
[0.489s] Level 1:colcon.colcon_core.package_identification:_identify(src/ebot_control) by extensions ['colcon_meta']
[0.489s] Level 1:colcon.colcon_core.package_identification:_identify(src/ebot_control) by extension 'colcon_meta'
[0.489s] Level 1:colcon.colcon_core.package_identification:_identify(src/ebot_control) by extensions ['ros']
[0.489s] Level 1:colcon.colcon_core.package_identification:_identify(src/ebot_control) by extension 'ros'
[0.497s] DEBUG:colcon.colcon_core.package_identification:Package 'src/ebot_control' with type 'ros.ament_python' and name 'ebot_control'
[0.497s] Level 1:colcon.colcon_core.package_identification:_identify(src/sllidar_ros2) by extensions ['ignore', 'ignore_ament_install']
[0.498s] Level 1:colcon.colcon_core.package_identification:_identify(src/sllidar_ros2) by extension 'ignore'
[0.498s] Level 1:colcon.colcon_core.package_identification:_identify(src/sllidar_ros2) by extension 'ignore_ament_install'
[0.498s] Level 1:colcon.colcon_core.package_identification:_identify(src/sllidar_ros2) by extensions ['colcon_pkg']
[0.498s] Level 1:colcon.colcon_core.package_identification:_identify(src/sllidar_ros2) by extension 'colcon_pkg'
[0.498s] Level 1:colcon.colcon_core.package_identification:_identify(src/sllidar_ros2) by extensions ['colcon_meta']
[0.498s] Level 1:colcon.colcon_core.package_identification:_identify(src/sllidar_ros2) by extension 'colcon_meta'
[0.498s] Level 1:colcon.colcon_core.package_identification:_identify(src/sllidar_ros2) by extensions ['ros']
[0.498s] Level 1:colcon.colcon_core.package_identification:_identify(src/sllidar_ros2) by extension 'ros'
[0.501s] DEBUG:colcon.colcon_core.package_identification:Package 'src/sllidar_ros2' with type 'ros.ament_cmake' and name 'sllidar_ros2'
[0.501s] Level 1:colcon.colcon_core.package_discovery:discover_packages(recursive) using defaults
[0.501s] Level 1:colcon.colcon_core.package_discovery:discover_packages(ignore) discover
[0.501s] Level 1:colcon.colcon_core.package_discovery:discover_packages(ignore) using defaults
[0.501s] Level 1:colcon.colcon_core.package_discovery:discover_packages(path) discover
[0.501s] Level 1:colcon.colcon_core.package_discovery:discover_packages(path) using defaults
[0.586s] Level 1:colcon.colcon_core.package_discovery:discover_packages(prefix_path) check parameters
[0.586s] Level 1:colcon.colcon_core.package_discovery:discover_packages(prefix_path) discover
[0.593s] DEBUG:colcon.colcon_installed_package_information.package_discovery:Found 2 installed packages in /home/vgi/ebot_ws/install
[0.599s] DEBUG:colcon.colcon_installed_package_information.package_discovery:Found 381 installed packages in /opt/ros/jazzy
[0.609s] Level 1:colcon.colcon_core.package_discovery:discover_packages(prefix_path) using defaults
[0.836s] Level 5:colcon.colcon_core.verb:set package 'ebot_control' build argument 'cmake_args' from command line to 'None'
[0.837s] Level 5:colcon.colcon_core.verb:set package 'ebot_control' build argument 'cmake_target' from command line to 'None'
[0.837s] Level 5:colcon.colcon_core.verb:set package 'ebot_control' build argument 'cmake_target_skip_unavailable' from command line to 'False'
[0.837s] Level 5:colcon.colcon_core.verb:set package 'ebot_control' build argument 'cmake_clean_cache' from command line to 'False'
[0.837s] Level 5:colcon.colcon_core.verb:set package 'ebot_control' build argument 'cmake_clean_first' from command line to 'False'
[0.837s] Level 5:colcon.colcon_core.verb:set package 'ebot_control' build argument 'cmake_force_configure' from command line to 'False'
[0.837s] Level 5:colcon.colcon_core.verb:set package 'ebot_control' build argument 'ament_cmake_args' from command line to 'None'
[0.837s] Level 5:colcon.colcon_core.verb:set package 'ebot_control' build argument 'catkin_cmake_args' from command line to 'None'
[0.838s] Level 5:colcon.colcon_core.verb:set package 'ebot_control' build argument 'catkin_skip_building_tests' from command line to 'False'
[0.838s] DEBUG:colcon.colcon_core.verb:Building package 'ebot_control' with the following arguments: {'ament_cmake_args': None, 'build_base': '/home/vgi/ebot_ws/build/ebot_control', 'catkin_cmake_args': None, 'catkin_skip_building_tests': False, 'cmake_args': None, 'cmake_clean_cache': False, 'cmake_clean_first': False, 'cmake_force_configure': False, 'cmake_target': None, 'cmake_target_skip_unavailable': False, 'install_base': '/home/vgi/ebot_ws/install/ebot_control', 'merge_install': False, 'path': '/home/vgi/ebot_ws/src/ebot_control', 'symlink_install': False, 'test_result_base': None}
[0.839s] Level 5:colcon.colcon_core.verb:set package 'sllidar_ros2' build argument 'cmake_args' from command line to 'None'
[0.840s] Level 5:colcon.colcon_core.verb:set package 'sllidar_ros2' build argument 'cmake_target' from command line to 'None'
[0.840s] Level 5:colcon.colcon_core.verb:set package 'sllidar_ros2' build argument 'cmake_target_skip_unavailable' from command line to 'False'
[0.840s] Level 5:colcon.colcon_core.verb:set package 'sllidar_ros2' build argument 'cmake_clean_cache' from command line to 'False'
[0.840s] Level 5:colcon.colcon_core.verb:set package 'sllidar_ros2' build argument 'cmake_clean_first' from command line to 'False'
[0.840s] Level 5:colcon.colcon_core.verb:set package 'sllidar_ros2' build argument 'cmake_force_configure' from command line to 'False'
[0.840s] Level 5:colcon.colcon_core.verb:set package 'sllidar_ros2' build argument 'ament_cmake_args' from command line to 'None'
[0.840s] Level 5:colcon.colcon_core.verb:set package 'sllidar_ros2' build argument 'catkin_cmake_args' from command line to 'None'
[0.840s] Level 5:colcon.colcon_core.verb:set package 'sllidar_ros2' build argument 'catkin_skip_building_tests' from command line to 'False'
[0.840s] DEBUG:colcon.colcon_core.verb:Building package 'sllidar_ros2' with the following arguments: {'ament_cmake_args': None, 'build_base': '/home/vgi/ebot_ws/build/sllidar_ros2', 'catkin_cmake_args': None, 'catkin_skip_building_tests': False, 'cmake_args': None, 'cmake_clean_cache': False, 'cmake_clean_first': False, 'cmake_force_configure': False, 'cmake_target': None, 'cmake_target_skip_unavailable': False, 'install_base': '/home/vgi/ebot_ws/install/sllidar_ros2', 'merge_install': False, 'path': '/home/vgi/ebot_ws/src/sllidar_ros2', 'symlink_install': False, 'test_result_base': None}
[0.841s] INFO:colcon.colcon_core.executor:Executing jobs using 'parallel' executor
[0.848s] DEBUG:colcon.colcon_parallel_executor.executor.parallel:run_until_complete
[0.849s] INFO:colcon.colcon_ros.task.ament_python.build:Building ROS package in '/home/vgi/ebot_ws/src/ebot_control' with build type 'ament_python'
[0.850s] Level 1:colcon.colcon_core.shell:create_environment_hook('ebot_control', 'ament_prefix_path')
[0.861s] INFO:colcon.colcon_core.plugin_system:Skipping extension 'colcon_core.shell.bat': Not used on non-Windows systems
[0.862s] INFO:colcon.colcon_core.shell:Creating environment hook '/home/vgi/ebot_ws/install/ebot_control/share/ebot_control/hook/ament_prefix_path.ps1'
[0.865s] INFO:colcon.colcon_core.shell:Creating environment descriptor '/home/vgi/ebot_ws/install/ebot_control/share/ebot_control/hook/ament_prefix_path.dsv'
[0.888s] INFO:colcon.colcon_core.shell:Creating environment hook '/home/vgi/ebot_ws/install/ebot_control/share/ebot_control/hook/ament_prefix_path.sh'
[0.892s] INFO:colcon.colcon_core.shell:Skip shell extension 'powershell' for command environment: Not usable outside of PowerShell
[0.892s] DEBUG:colcon.colcon_core.shell:Skip shell extension 'dsv' for command environment
[0.908s] INFO:colcon.colcon_ros.task.ament_cmake.build:Building ROS package in '/home/vgi/ebot_ws/src/sllidar_ros2' with build type 'ament_cmake'
[0.909s] INFO:colcon.colcon_cmake.task.cmake.build:Building CMake package in '/home/vgi/ebot_ws/src/sllidar_ros2'
[0.911s] INFO:colcon.colcon_core.shell:Skip shell extension 'powershell' for command environment: Not usable outside of PowerShell
[0.912s] DEBUG:colcon.colcon_core.shell:Skip shell extension 'dsv' for command environment
[2.081s] INFO:colcon.colcon_core.task.python.build:Building Python package in '/home/vgi/ebot_ws/src/ebot_control'
[2.082s] INFO:colcon.colcon_core.shell:Skip shell extension 'powershell' for command environment: Not usable outside of PowerShell
[2.083s] DEBUG:colcon.colcon_core.shell:Skip shell extension 'dsv' for command environment
[2.126s] DEBUG:colcon.colcon_core.event_handler.log_command:Invoking command in '/home/vgi/ebot_ws/build/sllidar_ros2': CMAKE_PREFIX_PATH=${CMAKE_PREFIX_PATH}:/home/vgi/ebot_ws/install/ebot_control:/opt/ros/jazzy DEBUGINFOD_URLS=https://debuginfod.ubuntu.com /usr/bin/cmake --build /home/vgi/ebot_ws/build/sllidar_ros2 -- -j4 -l4
[6.081s] DEBUG:colcon.colcon_core.event_handler.log_command:Invoking command in '/home/vgi/ebot_ws/src/ebot_control': DEBUGINFOD_URLS=https://debuginfod.ubuntu.com PYTHONPATH=/home/vgi/ebot_ws/build/ebot_control/prefix_override:/usr/lib/python3/dist-packages/colcon_core/task/python/colcon_distutils_commands:/home/vgi/ebot_ws/install/ebot_control/lib/python3.12/site-packages:${PYTHONPATH} /usr/bin/python3 -W ignore:setup.py install is deprecated -W ignore:easy_install command is deprecated setup.py egg_info --egg-base ../../build/ebot_control build --build-base /home/vgi/ebot_ws/build/ebot_control/build install --record /home/vgi/ebot_ws/build/ebot_control/install.log --single-version-externally-managed install_data
[9.442s] DEBUG:colcon.colcon_core.event_handler.log_command:Invoked command in '/home/vgi/ebot_ws/src/ebot_control' returned '0': DEBUGINFOD_URLS=https://debuginfod.ubuntu.com PYTHONPATH=/home/vgi/ebot_ws/build/ebot_control/prefix_override:/usr/lib/python3/dist-packages/colcon_core/task/python/colcon_distutils_commands:/home/vgi/ebot_ws/install/ebot_control/lib/python3.12/site-packages:${PYTHONPATH} /usr/bin/python3 -W ignore:setup.py install is deprecated -W ignore:easy_install command is deprecated setup.py egg_info --egg-base ../../build/ebot_control build --build-base /home/vgi/ebot_ws/build/ebot_control/build install --record /home/vgi/ebot_ws/build/ebot_control/install.log --single-version-externally-managed install_data
[9.467s] Level 1:colcon.colcon_core.environment:checking '/home/vgi/ebot_ws/install/ebot_control' for CMake module files
[9.470s] Level 1:colcon.colcon_core.environment:checking '/home/vgi/ebot_ws/install/ebot_control' for CMake config files
[9.474s] Level 1:colcon.colcon_core.environment:checking '/home/vgi/ebot_ws/install/ebot_control/lib'
[9.475s] Level 1:colcon.colcon_core.environment:checking '/home/vgi/ebot_ws/install/ebot_control/bin'
[9.475s] Level 1:colcon.colcon_core.environment:checking '/home/vgi/ebot_ws/install/ebot_control/lib/pkgconfig/ebot_control.pc'
[9.476s] Level 1:colcon.colcon_core.environment:checking '/home/vgi/ebot_ws/install/ebot_control/lib/python3.12/site-packages'
[9.477s] Level 1:colcon.colcon_core.shell:create_environment_hook('ebot_control', 'pythonpath')
[9.478s] INFO:colcon.colcon_core.shell:Creating environment hook '/home/vgi/ebot_ws/install/ebot_control/share/ebot_control/hook/pythonpath.ps1'
[9.481s] INFO:colcon.colcon_core.shell:Creating environment descriptor '/home/vgi/ebot_ws/install/ebot_control/share/ebot_control/hook/pythonpath.dsv'
[9.483s] INFO:colcon.colcon_core.shell:Creating environment hook '/home/vgi/ebot_ws/install/ebot_control/share/ebot_control/hook/pythonpath.sh'
[9.488s] Level 1:colcon.colcon_core.environment:checking '/home/vgi/ebot_ws/install/ebot_control/bin'
[9.488s] Level 1:colcon.colcon_core.environment:create_environment_scripts_only(ebot_control)
[9.490s] INFO:colcon.colcon_core.shell:Creating package script '/home/vgi/ebot_ws/install/ebot_control/share/ebot_control/package.ps1'
[9.493s] INFO:colcon.colcon_core.shell:Creating package descriptor '/home/vgi/ebot_ws/install/ebot_control/share/ebot_control/package.dsv'
[9.497s] INFO:colcon.colcon_core.shell:Creating package script '/home/vgi/ebot_ws/install/ebot_control/share/ebot_control/package.sh'
[9.502s] INFO:colcon.colcon_core.shell:Creating package script '/home/vgi/ebot_ws/install/ebot_control/share/ebot_control/package.bash'
[9.505s] INFO:colcon.colcon_core.shell:Creating package script '/home/vgi/ebot_ws/install/ebot_control/share/ebot_control/package.zsh'
[9.507s] Level 1:colcon.colcon_core.environment:create_file_with_runtime_dependencies(/home/vgi/ebot_ws/install/ebot_control/share/colcon-core/packages/ebot_control)
[22.071s] DEBUG:colcon.colcon_core.event_handler.log_command:Invoked command in '/home/vgi/ebot_ws/build/sllidar_ros2' returned '0': CMAKE_PREFIX_PATH=${CMAKE_PREFIX_PATH}:/home/vgi/ebot_ws/install/ebot_control:/opt/ros/jazzy DEBUGINFOD_URLS=https://debuginfod.ubuntu.com /usr/bin/cmake --build /home/vgi/ebot_ws/build/sllidar_ros2 -- -j4 -l4
[22.134s] DEBUG:colcon.colcon_core.event_handler.log_command:Invoking command in '/home/vgi/ebot_ws/build/sllidar_ros2': CMAKE_PREFIX_PATH=${CMAKE_PREFIX_PATH}:/home/vgi/ebot_ws/install/ebot_control:/opt/ros/jazzy DEBUGINFOD_URLS=https://debuginfod.ubuntu.com /usr/bin/cmake --install /home/vgi/ebot_ws/build/sllidar_ros2
[22.210s] Level 1:colcon.colcon_core.environment:create_environment_scripts_only(sllidar_ros2)
[22.211s] Level 1:colcon.colcon_core.environment:checking '/home/vgi/ebot_ws/install/sllidar_ros2' for CMake module files
[22.213s] DEBUG:colcon.colcon_core.event_handler.log_command:Invoked command in '/home/vgi/ebot_ws/build/sllidar_ros2' returned '0': CMAKE_PREFIX_PATH=${CMAKE_PREFIX_PATH}:/home/vgi/ebot_ws/install/ebot_control:/opt/ros/jazzy DEBUGINFOD_URLS=https://debuginfod.ubuntu.com /usr/bin/cmake --install /home/vgi/ebot_ws/build/sllidar_ros2
[22.214s] Level 1:colcon.colcon_core.environment:checking '/home/vgi/ebot_ws/install/sllidar_ros2' for CMake config files
[22.215s] Level 1:colcon.colcon_core.shell:create_environment_hook('sllidar_ros2', 'cmake_prefix_path')
[22.216s] INFO:colcon.colcon_core.shell:Creating environment hook '/home/vgi/ebot_ws/install/sllidar_ros2/share/sllidar_ros2/hook/cmake_prefix_path.ps1'
[22.217s] INFO:colcon.colcon_core.shell:Creating environment descriptor '/home/vgi/ebot_ws/install/sllidar_ros2/share/sllidar_ros2/hook/cmake_prefix_path.dsv'
[22.219s] INFO:colcon.colcon_core.shell:Creating environment hook '/home/vgi/ebot_ws/install/sllidar_ros2/share/sllidar_ros2/hook/cmake_prefix_path.sh'
[22.221s] Level 1:colcon.colcon_core.environment:checking '/home/vgi/ebot_ws/install/sllidar_ros2/lib'
[22.222s] Level 1:colcon.colcon_core.environment:checking '/home/vgi/ebot_ws/install/sllidar_ros2/bin'
[22.222s] Level 1:colcon.colcon_core.environment:checking '/home/vgi/ebot_ws/install/sllidar_ros2/lib/pkgconfig/sllidar_ros2.pc'
[22.223s] Level 1:colcon.colcon_core.environment:checking '/home/vgi/ebot_ws/install/sllidar_ros2/lib/python3.12/site-packages'
[22.224s] Level 1:colcon.colcon_core.environment:checking '/home/vgi/ebot_ws/install/sllidar_ros2/bin'
[22.225s] INFO:colcon.colcon_core.shell:Creating package script '/home/vgi/ebot_ws/install/sllidar_ros2/share/sllidar_ros2/package.ps1'
[22.226s] INFO:colcon.colcon_core.shell:Creating package descriptor '/home/vgi/ebot_ws/install/sllidar_ros2/share/sllidar_ros2/package.dsv'
[22.228s] INFO:colcon.colcon_core.shell:Creating package script '/home/vgi/ebot_ws/install/sllidar_ros2/share/sllidar_ros2/package.sh'
[22.229s] INFO:colcon.colcon_core.shell:Creating package script '/home/vgi/ebot_ws/install/sllidar_ros2/share/sllidar_ros2/package.bash'
[22.231s] INFO:colcon.colcon_core.shell:Creating package script '/home/vgi/ebot_ws/install/sllidar_ros2/share/sllidar_ros2/package.zsh'
[22.232s] Level 1:colcon.colcon_core.environment:create_file_with_runtime_dependencies(/home/vgi/ebot_ws/install/sllidar_ros2/share/colcon-core/packages/sllidar_ros2)
[22.235s] Level 1:colcon.colcon_core.environment:create_environment_scripts_only(sllidar_ros2)
[22.235s] Level 1:colcon.colcon_core.environment:checking '/home/vgi/ebot_ws/install/sllidar_ros2' for CMake module files
[22.237s] Level 1:colcon.colcon_core.environment:checking '/home/vgi/ebot_ws/install/sllidar_ros2' for CMake config files
[22.238s] Level 1:colcon.colcon_core.shell:create_environment_hook('sllidar_ros2', 'cmake_prefix_path')
[22.238s] INFO:colcon.colcon_core.shell:Creating environment hook '/home/vgi/ebot_ws/install/sllidar_ros2/share/sllidar_ros2/hook/cmake_prefix_path.ps1'
[22.239s] INFO:colcon.colcon_core.shell:Creating environment descriptor '/home/vgi/ebot_ws/install/sllidar_ros2/share/sllidar_ros2/hook/cmake_prefix_path.dsv'
[22.241s] INFO:colcon.colcon_core.shell:Creating environment hook '/home/vgi/ebot_ws/install/sllidar_ros2/share/sllidar_ros2/hook/cmake_prefix_path.sh'
[22.242s] Level 1:colcon.colcon_core.environment:checking '/home/vgi/ebot_ws/install/sllidar_ros2/lib'
[22.243s] Level 1:colcon.colcon_core.environment:checking '/home/vgi/ebot_ws/install/sllidar_ros2/bin'
[22.243s] Level 1:colcon.colcon_core.environment:checking '/home/vgi/ebot_ws/install/sllidar_ros2/lib/pkgconfig/sllidar_ros2.pc'
[22.244s] Level 1:colcon.colcon_core.environment:checking '/home/vgi/ebot_ws/install/sllidar_ros2/lib/python3.12/site-packages'
[22.244s] Level 1:colcon.colcon_core.environment:checking '/home/vgi/ebot_ws/install/sllidar_ros2/bin'
[22.245s] INFO:colcon.colcon_core.shell:Creating package script '/home/vgi/ebot_ws/install/sllidar_ros2/share/sllidar_ros2/package.ps1'
[22.246s] INFO:colcon.colcon_core.shell:Creating package descriptor '/home/vgi/ebot_ws/install/sllidar_ros2/share/sllidar_ros2/package.dsv'
[22.248s] INFO:colcon.colcon_core.shell:Creating package script '/home/vgi/ebot_ws/install/sllidar_ros2/share/sllidar_ros2/package.sh'
[22.250s] INFO:colcon.colcon_core.shell:Creating package script '/home/vgi/ebot_ws/install/sllidar_ros2/share/sllidar_ros2/package.bash'
[22.251s] INFO:colcon.colcon_core.shell:Creating package script '/home/vgi/ebot_ws/install/sllidar_ros2/share/sllidar_ros2/package.zsh'
[22.253s] Level 1:colcon.colcon_core.environment:create_file_with_runtime_dependencies(/home/vgi/ebot_ws/install/sllidar_ros2/share/colcon-core/packages/sllidar_ros2)
[22.256s] DEBUG:colcon.colcon_parallel_executor.executor.parallel:closing loop
[22.256s] DEBUG:colcon.colcon_parallel_executor.executor.parallel:loop closed
[22.256s] DEBUG:colcon.colcon_parallel_executor.executor.parallel:run_until_complete finished with '0'
[22.259s] DEBUG:colcon.colcon_core.event_reactor:joining thread
[22.278s] INFO:colcon.colcon_core.plugin_system:Skipping extension 'colcon_notification.desktop_notification.terminal_notifier': Not used on non-Darwin systems
[22.278s] INFO:colcon.colcon_core.plugin_system:Skipping extension 'colcon_notification.desktop_notification.win32': Not used on non-Windows systems
[22.278s] INFO:colcon.colcon_notification.desktop_notification:Sending desktop notification using 'notify2'
[22.346s] DEBUG:colcon.colcon_core.event_reactor:joined thread
[22.347s] INFO:colcon.colcon_core.shell:Creating prefix script '/home/vgi/ebot_ws/install/local_setup.ps1'
[22.351s] INFO:colcon.colcon_core.shell:Creating prefix util module '/home/vgi/ebot_ws/install/_local_setup_util_ps1.py'
[22.358s] INFO:colcon.colcon_core.shell:Creating prefix chain script '/home/vgi/ebot_ws/install/setup.ps1'
[22.365s] INFO:colcon.colcon_core.shell:Creating prefix script '/home/vgi/ebot_ws/install/local_setup.sh'
[22.368s] INFO:colcon.colcon_core.shell:Creating prefix util module '/home/vgi/ebot_ws/install/_local_setup_util_sh.py'
[22.371s] INFO:colcon.colcon_core.shell:Creating prefix chain script '/home/vgi/ebot_ws/install/setup.sh'
[22.377s] INFO:colcon.colcon_core.shell:Creating prefix script '/home/vgi/ebot_ws/install/local_setup.bash'
[22.381s] INFO:colcon.colcon_core.shell:Creating prefix chain script '/home/vgi/ebot_ws/install/setup.bash'
[22.384s] INFO:colcon.colcon_core.shell:Creating prefix script '/home/vgi/ebot_ws/install/local_setup.zsh'
[22.386s] INFO:colcon.colcon_core.shell:Creating prefix chain script '/home/vgi/ebot_ws/install/setup.zsh'
