[2.292s] Invoking command in '/home/vgi/ebot_ws/src/ebot_control': DEBUGINFOD_URLS=https://debuginfod.ubuntu.com PYTHONPATH=/home/vgi/ebot_ws/build/ebot_control/prefix_override:/usr/lib/python3/dist-packages/colcon_core/task/python/colcon_distutils_commands:/home/vgi/ebot_ws/install/ebot_control/lib/python3.12/site-packages:${PYTHONPATH} /usr/bin/python3 -W ignore:setup.py install is deprecated -W ignore:easy_install command is deprecated setup.py egg_info --egg-base ../../build/ebot_control build --build-base /home/vgi/ebot_ws/build/ebot_control/build install --record /home/vgi/ebot_ws/build/ebot_control/install.log --single-version-externally-managed install_data
[2.715s] running egg_info
[2.754s] writing ../../build/ebot_control/ebot_control.egg-info/PKG-INFO
[2.755s] writing dependency_links to ../../build/ebot_control/ebot_control.egg-info/dependency_links.txt
[2.756s] writing entry points to ../../build/ebot_control/ebot_control.egg-info/entry_points.txt
[2.756s] writing requirements to ../../build/ebot_control/ebot_control.egg-info/requires.txt
[2.757s] writing top-level names to ../../build/ebot_control/ebot_control.egg-info/top_level.txt
[2.821s] reading manifest file '../../build/ebot_control/ebot_control.egg-info/SOURCES.txt'
[2.822s] writing manifest file '../../build/ebot_control/ebot_control.egg-info/SOURCES.txt'
[2.823s] running build
[2.823s] running build_py
[2.824s] running install
[2.833s] running install_lib
[2.864s] running install_data
[2.865s] copying config/nav2_params.yaml -> /home/vgi/ebot_ws/install/ebot_control/share/ebot_control/config
[2.866s] running install_egg_info
[2.904s] removing '/home/vgi/ebot_ws/install/ebot_control/lib/python3.12/site-packages/ebot_control-0.0.0-py3.12.egg-info' (and everything under it)
[2.906s] Copying ../../build/ebot_control/ebot_control.egg-info to /home/vgi/ebot_ws/install/ebot_control/lib/python3.12/site-packages/ebot_control-0.0.0-py3.12.egg-info
[2.907s] running install_scripts
[3.138s] Installing controller_node script to /home/vgi/ebot_ws/install/ebot_control/lib/ebot_control
[3.138s] writing list of installed files to '/home/vgi/ebot_ws/build/ebot_control/install.log'
[3.243s] Invoked command in '/home/vgi/ebot_ws/src/ebot_control' returned '0': DEBUGINFOD_URLS=https://debuginfod.ubuntu.com PYTHONPATH=/home/vgi/ebot_ws/build/ebot_control/prefix_override:/usr/lib/python3/dist-packages/colcon_core/task/python/colcon_distutils_commands:/home/vgi/ebot_ws/install/ebot_control/lib/python3.12/site-packages:${PYTHONPATH} /usr/bin/python3 -W ignore:setup.py install is deprecated -W ignore:easy_install command is deprecated setup.py egg_info --egg-base ../../build/ebot_control build --build-base /home/vgi/ebot_ws/build/ebot_control/build install --record /home/vgi/ebot_ws/build/ebot_control/install.log --single-version-externally-managed install_data
