[5.225s] Invoking command in '/home/vgi/ebot_ws/src/ebot_control': DEBUGINFOD_URLS=https://debuginfod.ubuntu.com PYTHONPATH=/home/vgi/ebot_ws/build/ebot_control/prefix_override:/usr/lib/python3/dist-packages/colcon_core/task/python/colcon_distutils_commands:/home/vgi/ebot_ws/install/ebot_control/lib/python3.12/site-packages:${PYTHONPATH} /usr/bin/python3 -W ignore:setup.py install is deprecated -W ignore:easy_install command is deprecated setup.py egg_info --egg-base ../../build/ebot_control build --build-base /home/vgi/ebot_ws/build/ebot_control/build install --record /home/vgi/ebot_ws/build/ebot_control/install.log --single-version-externally-managed install_data
[6.826s] running egg_info
[6.935s] writing ../../build/ebot_control/ebot_control.egg-info/PKG-INFO
[6.938s] writing dependency_links to ../../build/ebot_control/ebot_control.egg-info/dependency_links.txt
[6.939s] writing entry points to ../../build/ebot_control/ebot_control.egg-info/entry_points.txt
[6.940s] writing requirements to ../../build/ebot_control/ebot_control.egg-info/requires.txt
[6.943s] writing top-level names to ../../build/ebot_control/ebot_control.egg-info/top_level.txt
[7.181s] reading manifest file '../../build/ebot_control/ebot_control.egg-info/SOURCES.txt'
[7.184s] writing manifest file '../../build/ebot_control/ebot_control.egg-info/SOURCES.txt'
[7.187s] running build
[7.187s] running build_py
[7.188s] running install
[7.215s] running install_lib
[7.312s] running install_data
[7.314s] running install_egg_info
[7.428s] removing '/home/vgi/ebot_ws/install/ebot_control/lib/python3.12/site-packages/ebot_control-0.0.0-py3.12.egg-info' (and everything under it)
[7.429s] Copying ../../build/ebot_control/ebot_control.egg-info to /home/vgi/ebot_ws/install/ebot_control/lib/python3.12/site-packages/ebot_control-0.0.0-py3.12.egg-info
[7.432s] running install_scripts
[8.334s] Installing controller_node script to /home/vgi/ebot_ws/install/ebot_control/lib/ebot_control
[8.335s] writing list of installed files to '/home/vgi/ebot_ws/build/ebot_control/install.log'
[8.586s] Invoked command in '/home/vgi/ebot_ws/src/ebot_control' returned '0': DEBUGINFOD_URLS=https://debuginfod.ubuntu.com PYTHONPATH=/home/vgi/ebot_ws/build/ebot_control/prefix_override:/usr/lib/python3/dist-packages/colcon_core/task/python/colcon_distutils_commands:/home/vgi/ebot_ws/install/ebot_control/lib/python3.12/site-packages:${PYTHONPATH} /usr/bin/python3 -W ignore:setup.py install is deprecated -W ignore:easy_install command is deprecated setup.py egg_info --egg-base ../../build/ebot_control build --build-base /home/vgi/ebot_ws/build/ebot_control/build install --record /home/vgi/ebot_ws/build/ebot_control/install.log --single-version-externally-managed install_data
